<?xml version="1.0" encoding="UTF-8"?>
<!-- Generated by org.testng.reporters.JUnitXMLReporter -->
<testsuite ignored="0" hostname="Rahul" failures="0" tests="5" name="Default test" time="0.065" errors="0" timestamp="2023-08-23T10:31:32 IST">
  <testcase classname="practice.Dataprovider" name="loginTest" time="0.006"/>
  <testcase classname="practice.Dataprovider" name="loginTest" time="0.001"/>
  <testcase classname="practice.Dataprovider" name="loginTest" time="0.001"/>
  <testcase classname="practice.Dataprovider" name="data" time="0.002"/>
  <testcase classname="practice.Dataprovider" name="data" time="0.001"/>
</testsuite> <!-- Default test -->
