<?xml version="1.0" encoding="UTF-8"?>
<testng-results ignored="0" total="5" passed="5" failed="0" skipped="0">
  <reporter-output>
  </reporter-output>
  <suite started-at="2023-08-23T10:31:32 IST" name="Default suite" finished-at="2023-08-23T10:31:32 IST" duration-ms="65">
    <groups>
    </groups>
    <test started-at="2023-08-23T10:31:32 IST" name="Default test" finished-at="2023-08-23T10:31:32 IST" duration-ms="65">
      <class name="practice.Dataprovider">
        <test-method signature="loginTest(java.lang.String,java.lang.String)[pri:0, instance:practice.Dataprovider@7dc0f706]" started-at="2023-08-23T10:31:32 IST" name="loginTest" data-provider="LoginData" finished-at="2023-08-23T10:31:32 IST" duration-ms="6" status="PASS">
          <params>
            <param index="0">
              <value>
                <![CDATA[Guru99]]>
              </value>
            </param>
            <param index="1">
              <value>
                <![CDATA[India]]>
              </value>
            </param>
          </params>
          <reporter-output>
          </reporter-output>
        </test-method> <!-- loginTest -->
        <test-method signature="loginTest(java.lang.String,java.lang.String)[pri:0, instance:practice.Dataprovider@7dc0f706]" started-at="2023-08-23T10:31:32 IST" name="loginTest" data-provider="LoginData" finished-at="2023-08-23T10:31:32 IST" duration-ms="1" status="PASS">
          <params>
            <param index="0">
              <value>
                <![CDATA[Krishna]]>
              </value>
            </param>
            <param index="1">
              <value>
                <![CDATA[UK]]>
              </value>
            </param>
          </params>
          <reporter-output>
          </reporter-output>
        </test-method> <!-- loginTest -->
        <test-method signature="loginTest(java.lang.String,java.lang.String)[pri:0, instance:practice.Dataprovider@7dc0f706]" started-at="2023-08-23T10:31:32 IST" name="loginTest" data-provider="LoginData" finished-at="2023-08-23T10:31:32 IST" duration-ms="1" status="PASS">
          <params>
            <param index="0">
              <value>
                <![CDATA[Bhupesh]]>
              </value>
            </param>
            <param index="1">
              <value>
                <![CDATA[USA]]>
              </value>
            </param>
          </params>
          <reporter-output>
          </reporter-output>
        </test-method> <!-- loginTest -->
        <test-method signature="data(java.lang.String,java.lang.String)[pri:1, instance:practice.Dataprovider@7dc0f706]" started-at="2023-08-23T10:31:32 IST" name="data" data-provider="data" finished-at="2023-08-23T10:31:32 IST" duration-ms="2" status="PASS">
          <params>
            <param index="0">
              <value>
                <![CDATA[rahul]]>
              </value>
            </param>
            <param index="1">
              <value>
                <![CDATA[kande]]>
              </value>
            </param>
          </params>
          <reporter-output>
          </reporter-output>
        </test-method> <!-- data -->
        <test-method signature="data(java.lang.String,java.lang.String)[pri:1, instance:practice.Dataprovider@7dc0f706]" started-at="2023-08-23T10:31:32 IST" name="data" data-provider="data" finished-at="2023-08-23T10:31:32 IST" duration-ms="1" status="PASS">
          <params>
            <param index="0">
              <value>
                <![CDATA[Ashok]]>
              </value>
            </param>
            <param index="1">
              <value>
                <![CDATA[Kande]]>
              </value>
            </param>
          </params>
          <reporter-output>
          </reporter-output>
        </test-method> <!-- data -->
      </class> <!-- practice.Dataprovider -->
    </test> <!-- Default test -->
  </suite> <!-- Default suite -->
</testng-results>
